Arguments: 
  /usr/local/Cellar/node/12.5.0/bin/node /usr/local/Cellar/yarn/1.16.0/libexec/bin/yarn.js tar

PATH: 
  /usr/local/bin:/usr/bin:/bin:/usr/sbin:/sbin

Yarn version: 
  1.16.0

Node version: 
  10.13.0

Platform: 
  darwin x64

Trace: 
  Error: EACCES: permission denied, scandir '/Users/apple/.config/yarn/link'

npm manifest: 
  {
    "name": "electron-quick-start",
    "version": "1.0.0",
    "description": "A minimal Electron application",
    "main": "main.js",
    "scripts": {
      "start": "electron ."
    },
    "repository": "https://github.com/electron/electron-quick-start",
    "keywords": [
      "Electron",
      "quick",
      "start",
      "tutorial",
      "demo"
    ],
    "author": "GitHub",
    "license": "CC0-1.0",
    "devDependencies": {
      "asar": "^2.0.1",
      "electron": "^5.0.6",
      "electron-packager": "^14.0.1"
    },
    "dependencies": {}
  }

yarn manifest: 
  No manifest

Lockfile: 
  No lockfile
